<?xml version="1.0" encoding="UTF-8"?>
<!-- Generated by org.testng.reporters.JUnitReportReporter -->
<testsuite hostname="DESKTOP-LH0VLBU" failures="0" tests="1" name="test.AddCustomerTest" time="10.640" errors="0" timestamp="2022-12-13T20:05:05 CST" skipped="0">
  <testcase classname="test.AddCustomerTest" name="ValidUserShoulBeTbletoLogin" time="10.640"/>
  <system-out/>
</testsuite> <!-- test.AddCustomerTest -->
