<?xml version="1.0" encoding="UTF-8"?>
<!-- Generated by org.testng.reporters.JUnitReportReporter -->
<testsuite hostname="DESKTOP-LH0VLBU" failures="0" tests="1" name="test.LoginTest" time="8.207" errors="0" timestamp="2022-12-13T18:16:17 CST" skipped="0">
  <testcase classname="test.LoginTest" name="ValidUserShoulBeTbletoLogin" time="8.207"/>
  <system-out/>
</testsuite> <!-- test.LoginTest -->
